
icetime topological timing analysis report
==========================================

Info: max_span_hack is enabled: estimate is conservative.

Report for critical path:
-------------------------

        lc40_13_17_0 (LogicCell40) [clk] -> lcout: 0.640 ns
     0.640 ns net_50327 (aes_module_inst.aes_inst.subbytes_inst.sbox_in[3])
        odrv_13_17_50327_54182 (Odrv4) I -> O: 0.372 ns
        t5239 (Span4Mux_h4) I -> O: 0.316 ns
        t5238 (Span4Mux_h4) I -> O: 0.316 ns
        t5237 (Span4Mux_v4) I -> O: 0.372 ns
        t5236 (Span4Mux_v4) I -> O: 0.372 ns
        t5235 (LocalMux) I -> O: 0.330 ns
        inmux_21_8_85974_86009 (InMux) I -> O: 0.260 ns
        lc40_21_8_4 (LogicCell40) in0 -> lcout: 0.449 ns
     3.424 ns net_81838 ($abc$55814$auto$simplemap.cc:127:simplemap_reduce$26211[0]_inv)
        odrv_21_8_81838_77892 (Odrv4) I -> O: 0.372 ns
        t8886 (Span4Mux_h4) I -> O: 0.316 ns
        t8885 (Span4Mux_v4) I -> O: 0.372 ns
        t8884 (LocalMux) I -> O: 0.330 ns
        inmux_15_11_61872_61918 (InMux) I -> O: 0.260 ns
        lc40_15_11_4 (LogicCell40) in0 -> lcout: 0.449 ns
     5.521 ns net_57747 ($abc$55814$n2342)
        t5959 (LocalMux) I -> O: 0.330 ns
        inmux_16_11_65949_65985 (InMux) I -> O: 0.260 ns
        lc40_16_11_2 (LogicCell40) in3 -> lcout: 0.316 ns
     6.426 ns net_61822 ($abc$55814$n2267)
        odrv_16_11_61822_61966 (Odrv4) I -> O: 0.372 ns
        t6480 (Span4Mux_h4) I -> O: 0.316 ns
        t6479 (Span4Mux_v4) I -> O: 0.372 ns
        t6478 (LocalMux) I -> O: 0.330 ns
        inmux_18_10_73988_74030 (InMux) I -> O: 0.260 ns
        lc40_18_10_5 (LogicCell40) in0 -> lcout: 0.449 ns
     8.523 ns net_69855 ($abc$55814$n2364)
        odrv_18_10_69855_73714 (Odrv4) I -> O: 0.372 ns
        t7415 (LocalMux) I -> O: 0.330 ns
        inmux_19_10_78047_78090 (InMux) I -> O: 0.260 ns
        lc40_19_10_2 (LogicCell40) in1 -> lcout: 0.400 ns
     9.884 ns net_73928 ($abc$55814$n2940)
        odrv_19_10_73928_77913 (Odrv4) I -> O: 0.372 ns
        t8008 (Span4Mux_h4) I -> O: 0.316 ns
        t8007 (LocalMux) I -> O: 0.330 ns
        inmux_17_11_70026_70067 (InMux) I -> O: 0.260 ns
        t734 (CascadeMux) I -> O: 0.000 ns
        lc40_17_11_3 (LogicCell40) in2 -> lcout: 0.379 ns
    11.539 ns net_65899 (aes_module_inst.aes_inst.subbytes_inst.sbox_out[3])
        odrv_17_11_65899_69885 (Odrv4) I -> O: 0.372 ns
        t6899 (Span4Mux_v4) I -> O: 0.372 ns
        t6904 (Span4Mux_v4) I -> O: 0.372 ns
        t6903 (Span4Mux_v4) I -> O: 0.372 ns
        t6907 (Span4Mux_v4) I -> O: 0.372 ns
        t6906 (Span4Mux_h4) I -> O: 0.316 ns
        t6905 (LocalMux) I -> O: 0.330 ns
        inmux_19_28_80270_80304 (InMux) I -> O: 0.260 ns
    14.302 ns net_80304 (aes_module_inst.aes_inst.subbytes_inst.sbox_out[3])
        lc40_19_28_2 (LogicCell40) in1 [setup]: 0.379 ns
    14.681 ns net_76142 (aes_module_inst.aes_inst.subbytes_out[83])

Resolvable net names on path:
     0.640 ns ..  2.976 ns aes_module_inst.aes_inst.subbytes_inst.sbox_in[3]
     3.424 ns ..  5.073 ns $abc$55814$auto$simplemap.cc:127:simplemap_reduce$26211[0]_inv
     5.521 ns ..  6.111 ns $abc$55814$n2342
     6.426 ns ..  8.074 ns $abc$55814$n2267
     8.523 ns ..  9.484 ns $abc$55814$n2364
     9.884 ns .. 11.160 ns $abc$55814$n2940
    11.539 ns .. 14.302 ns aes_module_inst.aes_inst.subbytes_inst.sbox_out[3]
                  lcout -> aes_module_inst.aes_inst.subbytes_out[83]

Total number of logic levels: 7
Total path delay: 14.68 ns (68.12 MHz)

